CRITICAL - 2023-10-03 00:19:09 --> Call to undefined function App\Controllers\sqlsrv_connect()
in APPPATH\Controllers\Mantenimientocarro.php on line 41.
 1 SYSTEMPATH\CodeIgniter.php(934): App\Controllers\mantenimientoCarro->buscar()
 2 SYSTEMPATH\CodeIgniter.php(499): CodeIgniter\CodeIgniter->runController(Object(App\Controllers\mantenimientoCarro))
 3 SYSTEMPATH\CodeIgniter.php(368): CodeIgniter\CodeIgniter->handleRequest(null, Object(Config\Cache), false)
 4 FCPATH\index.php(67): CodeIgniter\CodeIgniter->run()
CRITICAL - 2023-10-03 00:22:27 --> Call to undefined function App\Controllers\sqlsrv_connect()
in APPPATH\Controllers\Mantenimientocarro.php on line 41.
 1 SYSTEMPATH\CodeIgniter.php(934): App\Controllers\mantenimientoCarro->buscar()
 2 SYSTEMPATH\CodeIgniter.php(499): CodeIgniter\CodeIgniter->runController(Object(App\Controllers\mantenimientoCarro))
 3 SYSTEMPATH\CodeIgniter.php(368): CodeIgniter\CodeIgniter->handleRequest(null, Object(Config\Cache), false)
 4 FCPATH\index.php(67): CodeIgniter\CodeIgniter->run()
CRITICAL - 2023-10-03 21:04:55 --> Call to undefined function App\Controllers\sqlsrv_connect()
in APPPATH\Controllers\Mantenimientocarro.php on line 40.
 1 SYSTEMPATH\CodeIgniter.php(934): App\Controllers\mantenimientoCarro->buscar()
 2 SYSTEMPATH\CodeIgniter.php(499): CodeIgniter\CodeIgniter->runController(Object(App\Controllers\mantenimientoCarro))
 3 SYSTEMPATH\CodeIgniter.php(368): CodeIgniter\CodeIgniter->handleRequest(null, Object(Config\Cache), false)
 4 FCPATH\index.php(67): CodeIgniter\CodeIgniter->run()
CRITICAL - 2023-10-03 21:05:19 --> Call to undefined function App\Controllers\sqlsrv_connect()
in APPPATH\Controllers\Mantenimientocarro.php on line 40.
 1 SYSTEMPATH\CodeIgniter.php(934): App\Controllers\mantenimientoCarro->buscar()
 2 SYSTEMPATH\CodeIgniter.php(499): CodeIgniter\CodeIgniter->runController(Object(App\Controllers\mantenimientoCarro))
 3 SYSTEMPATH\CodeIgniter.php(368): CodeIgniter\CodeIgniter->handleRequest(null, Object(Config\Cache), false)
 4 FCPATH\index.php(67): CodeIgniter\CodeIgniter->run()
CRITICAL - 2023-10-03 21:14:39 --> Call to undefined function App\Controllers\sqlsrv_connect()
in APPPATH\Controllers\Mantenimientocarro.php on line 40.
 1 SYSTEMPATH\CodeIgniter.php(934): App\Controllers\mantenimientoCarro->buscar()
 2 SYSTEMPATH\CodeIgniter.php(499): CodeIgniter\CodeIgniter->runController(Object(App\Controllers\mantenimientoCarro))
 3 SYSTEMPATH\CodeIgniter.php(368): CodeIgniter\CodeIgniter->handleRequest(null, Object(Config\Cache), false)
 4 FCPATH\index.php(67): CodeIgniter\CodeIgniter->run()
CRITICAL - 2023-10-03 21:17:27 --> Call to undefined function App\Controllers\sqlsrv_connect()
in APPPATH\Controllers\Mantenimientocarro.php on line 40.
 1 SYSTEMPATH\CodeIgniter.php(934): App\Controllers\mantenimientoCarro->buscar()
 2 SYSTEMPATH\CodeIgniter.php(499): CodeIgniter\CodeIgniter->runController(Object(App\Controllers\mantenimientoCarro))
 3 SYSTEMPATH\CodeIgniter.php(368): CodeIgniter\CodeIgniter->handleRequest(null, Object(Config\Cache), false)
 4 FCPATH\index.php(67): CodeIgniter\CodeIgniter->run()
CRITICAL - 2023-10-03 21:18:34 --> Call to undefined function App\Controllers\sqlsrv_connect()
in APPPATH\Controllers\Mantenimientocarro.php on line 40.
 1 SYSTEMPATH\CodeIgniter.php(934): App\Controllers\mantenimientoCarro->buscar()
 2 SYSTEMPATH\CodeIgniter.php(499): CodeIgniter\CodeIgniter->runController(Object(App\Controllers\mantenimientoCarro))
 3 SYSTEMPATH\CodeIgniter.php(368): CodeIgniter\CodeIgniter->handleRequest(null, Object(Config\Cache), false)
 4 FCPATH\index.php(67): CodeIgniter\CodeIgniter->run()
CRITICAL - 2023-10-03 21:24:15 --> Call to undefined function App\Controllers\sqlsrv_connect()
in APPPATH\Controllers\Mantenimientocarro.php on line 40.
 1 SYSTEMPATH\CodeIgniter.php(934): App\Controllers\mantenimientoCarro->buscar()
 2 SYSTEMPATH\CodeIgniter.php(499): CodeIgniter\CodeIgniter->runController(Object(App\Controllers\mantenimientoCarro))
 3 SYSTEMPATH\CodeIgniter.php(368): CodeIgniter\CodeIgniter->handleRequest(null, Object(Config\Cache), false)
 4 FCPATH\index.php(67): CodeIgniter\CodeIgniter->run()
CRITICAL - 2023-10-03 21:26:42 --> Call to undefined function App\Controllers\sqlsrv_connect()
in APPPATH\Controllers\Mantenimientocarro.php on line 40.
 1 SYSTEMPATH\CodeIgniter.php(934): App\Controllers\mantenimientoCarro->buscar()
 2 SYSTEMPATH\CodeIgniter.php(499): CodeIgniter\CodeIgniter->runController(Object(App\Controllers\mantenimientoCarro))
 3 SYSTEMPATH\CodeIgniter.php(368): CodeIgniter\CodeIgniter->handleRequest(null, Object(Config\Cache), false)
 4 FCPATH\index.php(67): CodeIgniter\CodeIgniter->run()
CRITICAL - 2023-10-03 21:29:46 --> Call to undefined function App\Controllers\sqlsrv_connect()
in APPPATH\Controllers\Mantenimientocarro.php on line 40.
 1 SYSTEMPATH\CodeIgniter.php(934): App\Controllers\mantenimientoCarro->buscar()
 2 SYSTEMPATH\CodeIgniter.php(499): CodeIgniter\CodeIgniter->runController(Object(App\Controllers\mantenimientoCarro))
 3 SYSTEMPATH\CodeIgniter.php(368): CodeIgniter\CodeIgniter->handleRequest(null, Object(Config\Cache), false)
 4 FCPATH\index.php(67): CodeIgniter\CodeIgniter->run()
