CRITICAL - 2023-10-13 18:45:01 --> Undefined array key "IdOrigen"
in APPPATH\Controllers\ConsultaFacturas.php on line 34.
 1 APPPATH\Controllers\ConsultaFacturas.php(34): CodeIgniter\Debug\Exceptions->errorHandler(2, 'Undefined array key "IdOrigen"', 'APPPATH\\Controllers\\ConsultaFacturas.php', 34)
 2 SYSTEMPATH\CodeIgniter.php(934): App\Controllers\ConsultaFacturas->buscarFactura()
 3 SYSTEMPATH\CodeIgniter.php(499): CodeIgniter\CodeIgniter->runController(Object(App\Controllers\ConsultaFacturas))
 4 SYSTEMPATH\CodeIgniter.php(368): CodeIgniter\CodeIgniter->handleRequest(null, Object(Config\Cache), false)
 5 FCPATH\index.php(67): CodeIgniter\CodeIgniter->run()
CRITICAL - 2023-10-13 18:46:46 --> Undefined array key "IdOrigen"
in APPPATH\Controllers\ConsultaFacturas.php on line 34.
 1 APPPATH\Controllers\ConsultaFacturas.php(34): CodeIgniter\Debug\Exceptions->errorHandler(2, 'Undefined array key "IdOrigen"', 'APPPATH\\Controllers\\ConsultaFacturas.php', 34)
 2 SYSTEMPATH\CodeIgniter.php(934): App\Controllers\ConsultaFacturas->buscarFactura()
 3 SYSTEMPATH\CodeIgniter.php(499): CodeIgniter\CodeIgniter->runController(Object(App\Controllers\ConsultaFacturas))
 4 SYSTEMPATH\CodeIgniter.php(368): CodeIgniter\CodeIgniter->handleRequest(null, Object(Config\Cache), false)
 5 FCPATH\index.php(67): CodeIgniter\CodeIgniter->run()
CRITICAL - 2023-10-13 18:47:20 --> Array to string conversion
in APPPATH\Controllers\ConsultaFacturas.php on line 21.
 1 APPPATH\Controllers\ConsultaFacturas.php(21): CodeIgniter\Debug\Exceptions->errorHandler(2, 'Array to string conversion', 'APPPATH\\Controllers\\ConsultaFacturas.php', 21)
 2 SYSTEMPATH\CodeIgniter.php(934): App\Controllers\ConsultaFacturas->buscarFactura()
 3 SYSTEMPATH\CodeIgniter.php(499): CodeIgniter\CodeIgniter->runController(Object(App\Controllers\ConsultaFacturas))
 4 SYSTEMPATH\CodeIgniter.php(368): CodeIgniter\CodeIgniter->handleRequest(null, Object(Config\Cache), false)
 5 FCPATH\index.php(67): CodeIgniter\CodeIgniter->run()
CRITICAL - 2023-10-13 18:47:22 --> Array to string conversion
in APPPATH\Controllers\ConsultaFacturas.php on line 21.
 1 APPPATH\Controllers\ConsultaFacturas.php(21): CodeIgniter\Debug\Exceptions->errorHandler(2, 'Array to string conversion', 'APPPATH\\Controllers\\ConsultaFacturas.php', 21)
 2 SYSTEMPATH\CodeIgniter.php(934): App\Controllers\ConsultaFacturas->buscarFactura()
 3 SYSTEMPATH\CodeIgniter.php(499): CodeIgniter\CodeIgniter->runController(Object(App\Controllers\ConsultaFacturas))
 4 SYSTEMPATH\CodeIgniter.php(368): CodeIgniter\CodeIgniter->handleRequest(null, Object(Config\Cache), false)
 5 FCPATH\index.php(67): CodeIgniter\CodeIgniter->run()
CRITICAL - 2023-10-13 18:47:23 --> Array to string conversion
in APPPATH\Controllers\ConsultaFacturas.php on line 21.
 1 APPPATH\Controllers\ConsultaFacturas.php(21): CodeIgniter\Debug\Exceptions->errorHandler(2, 'Array to string conversion', 'APPPATH\\Controllers\\ConsultaFacturas.php', 21)
 2 SYSTEMPATH\CodeIgniter.php(934): App\Controllers\ConsultaFacturas->buscarFactura()
 3 SYSTEMPATH\CodeIgniter.php(499): CodeIgniter\CodeIgniter->runController(Object(App\Controllers\ConsultaFacturas))
 4 SYSTEMPATH\CodeIgniter.php(368): CodeIgniter\CodeIgniter->handleRequest(null, Object(Config\Cache), false)
 5 FCPATH\index.php(67): CodeIgniter\CodeIgniter->run()
CRITICAL - 2023-10-13 18:47:33 --> Array to string conversion
in APPPATH\Controllers\ConsultaFacturas.php on line 21.
 1 APPPATH\Controllers\ConsultaFacturas.php(21): CodeIgniter\Debug\Exceptions->errorHandler(2, 'Array to string conversion', 'APPPATH\\Controllers\\ConsultaFacturas.php', 21)
 2 SYSTEMPATH\CodeIgniter.php(934): App\Controllers\ConsultaFacturas->buscarFactura()
 3 SYSTEMPATH\CodeIgniter.php(499): CodeIgniter\CodeIgniter->runController(Object(App\Controllers\ConsultaFacturas))
 4 SYSTEMPATH\CodeIgniter.php(368): CodeIgniter\CodeIgniter->handleRequest(null, Object(Config\Cache), false)
 5 FCPATH\index.php(67): CodeIgniter\CodeIgniter->run()
CRITICAL - 2023-10-13 18:48:24 --> Undefined array key "IdOrigen"
in APPPATH\Controllers\ConsultaFacturas.php on line 34.
 1 APPPATH\Controllers\ConsultaFacturas.php(34): CodeIgniter\Debug\Exceptions->errorHandler(2, 'Undefined array key "IdOrigen"', 'APPPATH\\Controllers\\ConsultaFacturas.php', 34)
 2 SYSTEMPATH\CodeIgniter.php(934): App\Controllers\ConsultaFacturas->buscarFactura()
 3 SYSTEMPATH\CodeIgniter.php(499): CodeIgniter\CodeIgniter->runController(Object(App\Controllers\ConsultaFacturas))
 4 SYSTEMPATH\CodeIgniter.php(368): CodeIgniter\CodeIgniter->handleRequest(null, Object(Config\Cache), false)
 5 FCPATH\index.php(67): CodeIgniter\CodeIgniter->run()
CRITICAL - 2023-10-13 18:48:27 --> Undefined array key "IdOrigen"
in APPPATH\Controllers\ConsultaFacturas.php on line 34.
 1 APPPATH\Controllers\ConsultaFacturas.php(34): CodeIgniter\Debug\Exceptions->errorHandler(2, 'Undefined array key "IdOrigen"', 'APPPATH\\Controllers\\ConsultaFacturas.php', 34)
 2 SYSTEMPATH\CodeIgniter.php(934): App\Controllers\ConsultaFacturas->buscarFactura()
 3 SYSTEMPATH\CodeIgniter.php(499): CodeIgniter\CodeIgniter->runController(Object(App\Controllers\ConsultaFacturas))
 4 SYSTEMPATH\CodeIgniter.php(368): CodeIgniter\CodeIgniter->handleRequest(null, Object(Config\Cache), false)
 5 FCPATH\index.php(67): CodeIgniter\CodeIgniter->run()
CRITICAL - 2023-10-13 18:48:28 --> Undefined array key "IdOrigen"
in APPPATH\Controllers\ConsultaFacturas.php on line 34.
 1 APPPATH\Controllers\ConsultaFacturas.php(34): CodeIgniter\Debug\Exceptions->errorHandler(2, 'Undefined array key "IdOrigen"', 'APPPATH\\Controllers\\ConsultaFacturas.php', 34)
 2 SYSTEMPATH\CodeIgniter.php(934): App\Controllers\ConsultaFacturas->buscarFactura()
 3 SYSTEMPATH\CodeIgniter.php(499): CodeIgniter\CodeIgniter->runController(Object(App\Controllers\ConsultaFacturas))
 4 SYSTEMPATH\CodeIgniter.php(368): CodeIgniter\CodeIgniter->handleRequest(null, Object(Config\Cache), false)
 5 FCPATH\index.php(67): CodeIgniter\CodeIgniter->run()
CRITICAL - 2023-10-13 18:48:29 --> Undefined array key "IdOrigen"
in APPPATH\Controllers\ConsultaFacturas.php on line 34.
 1 APPPATH\Controllers\ConsultaFacturas.php(34): CodeIgniter\Debug\Exceptions->errorHandler(2, 'Undefined array key "IdOrigen"', 'APPPATH\\Controllers\\ConsultaFacturas.php', 34)
 2 SYSTEMPATH\CodeIgniter.php(934): App\Controllers\ConsultaFacturas->buscarFactura()
 3 SYSTEMPATH\CodeIgniter.php(499): CodeIgniter\CodeIgniter->runController(Object(App\Controllers\ConsultaFacturas))
 4 SYSTEMPATH\CodeIgniter.php(368): CodeIgniter\CodeIgniter->handleRequest(null, Object(Config\Cache), false)
 5 FCPATH\index.php(67): CodeIgniter\CodeIgniter->run()
CRITICAL - 2023-10-13 18:50:29 --> Undefined array key "IdOrigen"
in APPPATH\Controllers\ConsultaFacturas.php on line 60.
 1 APPPATH\Controllers\ConsultaFacturas.php(60): CodeIgniter\Debug\Exceptions->errorHandler(2, 'Undefined array key "IdOrigen"', 'APPPATH\\Controllers\\ConsultaFacturas.php', 60)
 2 SYSTEMPATH\CodeIgniter.php(934): App\Controllers\ConsultaFacturas->buscarFactura()
 3 SYSTEMPATH\CodeIgniter.php(499): CodeIgniter\CodeIgniter->runController(Object(App\Controllers\ConsultaFacturas))
 4 SYSTEMPATH\CodeIgniter.php(368): CodeIgniter\CodeIgniter->handleRequest(null, Object(Config\Cache), false)
 5 FCPATH\index.php(67): CodeIgniter\CodeIgniter->run()
CRITICAL - 2023-10-13 18:50:34 --> Undefined array key "IdOrigen"
in APPPATH\Controllers\ConsultaFacturas.php on line 60.
 1 APPPATH\Controllers\ConsultaFacturas.php(60): CodeIgniter\Debug\Exceptions->errorHandler(2, 'Undefined array key "IdOrigen"', 'APPPATH\\Controllers\\ConsultaFacturas.php', 60)
 2 SYSTEMPATH\CodeIgniter.php(934): App\Controllers\ConsultaFacturas->buscarFactura()
 3 SYSTEMPATH\CodeIgniter.php(499): CodeIgniter\CodeIgniter->runController(Object(App\Controllers\ConsultaFacturas))
 4 SYSTEMPATH\CodeIgniter.php(368): CodeIgniter\CodeIgniter->handleRequest(null, Object(Config\Cache), false)
 5 FCPATH\index.php(67): CodeIgniter\CodeIgniter->run()
CRITICAL - 2023-10-13 18:50:36 --> Undefined array key "IdOrigen"
in APPPATH\Controllers\ConsultaFacturas.php on line 60.
 1 APPPATH\Controllers\ConsultaFacturas.php(60): CodeIgniter\Debug\Exceptions->errorHandler(2, 'Undefined array key "IdOrigen"', 'APPPATH\\Controllers\\ConsultaFacturas.php', 60)
 2 SYSTEMPATH\CodeIgniter.php(934): App\Controllers\ConsultaFacturas->buscarFactura()
 3 SYSTEMPATH\CodeIgniter.php(499): CodeIgniter\CodeIgniter->runController(Object(App\Controllers\ConsultaFacturas))
 4 SYSTEMPATH\CodeIgniter.php(368): CodeIgniter\CodeIgniter->handleRequest(null, Object(Config\Cache), false)
 5 FCPATH\index.php(67): CodeIgniter\CodeIgniter->run()
CRITICAL - 2023-10-13 18:50:38 --> Undefined array key "IdOrigen"
in APPPATH\Controllers\ConsultaFacturas.php on line 60.
 1 APPPATH\Controllers\ConsultaFacturas.php(60): CodeIgniter\Debug\Exceptions->errorHandler(2, 'Undefined array key "IdOrigen"', 'APPPATH\\Controllers\\ConsultaFacturas.php', 60)
 2 SYSTEMPATH\CodeIgniter.php(934): App\Controllers\ConsultaFacturas->buscarFactura()
 3 SYSTEMPATH\CodeIgniter.php(499): CodeIgniter\CodeIgniter->runController(Object(App\Controllers\ConsultaFacturas))
 4 SYSTEMPATH\CodeIgniter.php(368): CodeIgniter\CodeIgniter->handleRequest(null, Object(Config\Cache), false)
 5 FCPATH\index.php(67): CodeIgniter\CodeIgniter->run()
CRITICAL - 2023-10-13 18:50:41 --> Undefined array key "IdOrigen"
in APPPATH\Controllers\ConsultaFacturas.php on line 60.
 1 APPPATH\Controllers\ConsultaFacturas.php(60): CodeIgniter\Debug\Exceptions->errorHandler(2, 'Undefined array key "IdOrigen"', 'APPPATH\\Controllers\\ConsultaFacturas.php', 60)
 2 SYSTEMPATH\CodeIgniter.php(934): App\Controllers\ConsultaFacturas->buscarFactura()
 3 SYSTEMPATH\CodeIgniter.php(499): CodeIgniter\CodeIgniter->runController(Object(App\Controllers\ConsultaFacturas))
 4 SYSTEMPATH\CodeIgniter.php(368): CodeIgniter\CodeIgniter->handleRequest(null, Object(Config\Cache), false)
 5 FCPATH\index.php(67): CodeIgniter\CodeIgniter->run()
CRITICAL - 2023-10-13 18:51:26 --> Undefined array key "IdOrigen"
in APPPATH\Controllers\ConsultaFacturas.php on line 35.
 1 APPPATH\Controllers\ConsultaFacturas.php(35): CodeIgniter\Debug\Exceptions->errorHandler(2, 'Undefined array key "IdOrigen"', 'APPPATH\\Controllers\\ConsultaFacturas.php', 35)
 2 SYSTEMPATH\CodeIgniter.php(934): App\Controllers\ConsultaFacturas->buscarFactura()
 3 SYSTEMPATH\CodeIgniter.php(499): CodeIgniter\CodeIgniter->runController(Object(App\Controllers\ConsultaFacturas))
 4 SYSTEMPATH\CodeIgniter.php(368): CodeIgniter\CodeIgniter->handleRequest(null, Object(Config\Cache), false)
 5 FCPATH\index.php(67): CodeIgniter\CodeIgniter->run()
CRITICAL - 2023-10-13 18:52:29 --> Undefined array key "IdOrigen"
in APPPATH\Controllers\ConsultaFacturas.php on line 35.
 1 APPPATH\Controllers\ConsultaFacturas.php(35): CodeIgniter\Debug\Exceptions->errorHandler(2, 'Undefined array key "IdOrigen"', 'APPPATH\\Controllers\\ConsultaFacturas.php', 35)
 2 SYSTEMPATH\CodeIgniter.php(934): App\Controllers\ConsultaFacturas->buscarFactura()
 3 SYSTEMPATH\CodeIgniter.php(499): CodeIgniter\CodeIgniter->runController(Object(App\Controllers\ConsultaFacturas))
 4 SYSTEMPATH\CodeIgniter.php(368): CodeIgniter\CodeIgniter->handleRequest(null, Object(Config\Cache), false)
 5 FCPATH\index.php(67): CodeIgniter\CodeIgniter->run()
CRITICAL - 2023-10-13 18:52:32 --> Undefined array key "IdOrigen"
in APPPATH\Controllers\ConsultaFacturas.php on line 35.
 1 APPPATH\Controllers\ConsultaFacturas.php(35): CodeIgniter\Debug\Exceptions->errorHandler(2, 'Undefined array key "IdOrigen"', 'APPPATH\\Controllers\\ConsultaFacturas.php', 35)
 2 SYSTEMPATH\CodeIgniter.php(934): App\Controllers\ConsultaFacturas->buscarFactura()
 3 SYSTEMPATH\CodeIgniter.php(499): CodeIgniter\CodeIgniter->runController(Object(App\Controllers\ConsultaFacturas))
 4 SYSTEMPATH\CodeIgniter.php(368): CodeIgniter\CodeIgniter->handleRequest(null, Object(Config\Cache), false)
 5 FCPATH\index.php(67): CodeIgniter\CodeIgniter->run()
CRITICAL - 2023-10-13 21:08:28 --> Undefined array key "IdOrigen"
in APPPATH\Controllers\ConsultaFacturas.php on line 38.
 1 APPPATH\Controllers\ConsultaFacturas.php(38): CodeIgniter\Debug\Exceptions->errorHandler(2, 'Undefined array key "IdOrigen"', 'APPPATH\\Controllers\\ConsultaFacturas.php', 38)
 2 SYSTEMPATH\CodeIgniter.php(934): App\Controllers\ConsultaFacturas->buscarFactura()
 3 SYSTEMPATH\CodeIgniter.php(499): CodeIgniter\CodeIgniter->runController(Object(App\Controllers\ConsultaFacturas))
 4 SYSTEMPATH\CodeIgniter.php(368): CodeIgniter\CodeIgniter->handleRequest(null, Object(Config\Cache), false)
 5 FCPATH\index.php(67): CodeIgniter\CodeIgniter->run()
CRITICAL - 2023-10-13 23:49:51 --> Undefined array key "IdOrigen"
in APPPATH\Controllers\ConsultaFacturas.php on line 38.
 1 APPPATH\Controllers\ConsultaFacturas.php(38): CodeIgniter\Debug\Exceptions->errorHandler(2, 'Undefined array key "IdOrigen"', 'APPPATH\\Controllers\\ConsultaFacturas.php', 38)
 2 SYSTEMPATH\CodeIgniter.php(934): App\Controllers\ConsultaFacturas->buscarFactura()
 3 SYSTEMPATH\CodeIgniter.php(499): CodeIgniter\CodeIgniter->runController(Object(App\Controllers\ConsultaFacturas))
 4 SYSTEMPATH\CodeIgniter.php(368): CodeIgniter\CodeIgniter->handleRequest(null, Object(Config\Cache), false)
 5 FCPATH\index.php(67): CodeIgniter\CodeIgniter->run()
CRITICAL - 2023-10-13 23:55:23 --> Undefined array key "IdOrigen"
in APPPATH\Controllers\ConsultaFacturas.php on line 38.
 1 APPPATH\Controllers\ConsultaFacturas.php(38): CodeIgniter\Debug\Exceptions->errorHandler(2, 'Undefined array key "IdOrigen"', 'APPPATH\\Controllers\\ConsultaFacturas.php', 38)
 2 SYSTEMPATH\CodeIgniter.php(934): App\Controllers\ConsultaFacturas->buscarFactura()
 3 SYSTEMPATH\CodeIgniter.php(499): CodeIgniter\CodeIgniter->runController(Object(App\Controllers\ConsultaFacturas))
 4 SYSTEMPATH\CodeIgniter.php(368): CodeIgniter\CodeIgniter->handleRequest(null, Object(Config\Cache), false)
 5 FCPATH\index.php(67): CodeIgniter\CodeIgniter->run()
CRITICAL - 2023-10-13 23:55:25 --> Undefined array key "IdOrigen"
in APPPATH\Controllers\ConsultaFacturas.php on line 38.
 1 APPPATH\Controllers\ConsultaFacturas.php(38): CodeIgniter\Debug\Exceptions->errorHandler(2, 'Undefined array key "IdOrigen"', 'APPPATH\\Controllers\\ConsultaFacturas.php', 38)
 2 SYSTEMPATH\CodeIgniter.php(934): App\Controllers\ConsultaFacturas->buscarFactura()
 3 SYSTEMPATH\CodeIgniter.php(499): CodeIgniter\CodeIgniter->runController(Object(App\Controllers\ConsultaFacturas))
 4 SYSTEMPATH\CodeIgniter.php(368): CodeIgniter\CodeIgniter->handleRequest(null, Object(Config\Cache), false)
 5 FCPATH\index.php(67): CodeIgniter\CodeIgniter->run()
