CRITICAL - 2023-02-28 22:56:32 --> Array to string conversion
in APPPATH\Controllers\mantenimientoCarro.php on line 21.
 1 APPPATH\Controllers\mantenimientoCarro.php(21): CodeIgniter\Debug\Exceptions->errorHandler(2, 'Array to string conversion', 'APPPATH\\Controllers\\mantenimientoCarro.php', 21)
 2 SYSTEMPATH\CodeIgniter.php(934): App\Controllers\mantenimientoCarro->buscar()
 3 SYSTEMPATH\CodeIgniter.php(499): CodeIgniter\CodeIgniter->runController(Object(App\Controllers\mantenimientoCarro))
 4 SYSTEMPATH\CodeIgniter.php(368): CodeIgniter\CodeIgniter->handleRequest(null, Object(Config\Cache), false)
 5 FCPATH\index.php(67): CodeIgniter\CodeIgniter->run()
CRITICAL - 2023-02-28 22:57:42 --> Undefined array key "var1"
in APPPATH\Controllers\mantenimientoCarro.php on line 19.
 1 APPPATH\Controllers\mantenimientoCarro.php(19): CodeIgniter\Debug\Exceptions->errorHandler(2, 'Undefined array key "var1"', 'APPPATH\\Controllers\\mantenimientoCarro.php', 19)
 2 SYSTEMPATH\CodeIgniter.php(934): App\Controllers\mantenimientoCarro->buscar()
 3 SYSTEMPATH\CodeIgniter.php(499): CodeIgniter\CodeIgniter->runController(Object(App\Controllers\mantenimientoCarro))
 4 SYSTEMPATH\CodeIgniter.php(368): CodeIgniter\CodeIgniter->handleRequest(null, Object(Config\Cache), false)
 5 FCPATH\index.php(67): CodeIgniter\CodeIgniter->run()
CRITICAL - 2023-02-28 22:58:29 --> Array to string conversion
in APPPATH\Controllers\mantenimientoCarro.php on line 21.
 1 APPPATH\Controllers\mantenimientoCarro.php(21): CodeIgniter\Debug\Exceptions->errorHandler(2, 'Array to string conversion', 'APPPATH\\Controllers\\mantenimientoCarro.php', 21)
 2 SYSTEMPATH\CodeIgniter.php(934): App\Controllers\mantenimientoCarro->buscar()
 3 SYSTEMPATH\CodeIgniter.php(499): CodeIgniter\CodeIgniter->runController(Object(App\Controllers\mantenimientoCarro))
 4 SYSTEMPATH\CodeIgniter.php(368): CodeIgniter\CodeIgniter->handleRequest(null, Object(Config\Cache), false)
 5 FCPATH\index.php(67): CodeIgniter\CodeIgniter->run()
CRITICAL - 2023-02-28 22:59:43 --> Undefined array key "var"
in APPPATH\Controllers\mantenimientoCarro.php on line 19.
 1 APPPATH\Controllers\mantenimientoCarro.php(19): CodeIgniter\Debug\Exceptions->errorHandler(2, 'Undefined array key "var"', 'APPPATH\\Controllers\\mantenimientoCarro.php', 19)
 2 SYSTEMPATH\CodeIgniter.php(934): App\Controllers\mantenimientoCarro->buscar()
 3 SYSTEMPATH\CodeIgniter.php(499): CodeIgniter\CodeIgniter->runController(Object(App\Controllers\mantenimientoCarro))
 4 SYSTEMPATH\CodeIgniter.php(368): CodeIgniter\CodeIgniter->handleRequest(null, Object(Config\Cache), false)
 5 FCPATH\index.php(67): CodeIgniter\CodeIgniter->run()
CRITICAL - 2023-02-28 23:01:10 --> Array to string conversion
in APPPATH\Controllers\mantenimientoCarro.php on line 19.
 1 APPPATH\Controllers\mantenimientoCarro.php(19): CodeIgniter\Debug\Exceptions->errorHandler(2, 'Array to string conversion', 'APPPATH\\Controllers\\mantenimientoCarro.php', 19)
 2 SYSTEMPATH\CodeIgniter.php(934): App\Controllers\mantenimientoCarro->buscar()
 3 SYSTEMPATH\CodeIgniter.php(499): CodeIgniter\CodeIgniter->runController(Object(App\Controllers\mantenimientoCarro))
 4 SYSTEMPATH\CodeIgniter.php(368): CodeIgniter\CodeIgniter->handleRequest(null, Object(Config\Cache), false)
 5 FCPATH\index.php(67): CodeIgniter\CodeIgniter->run()
CRITICAL - 2023-02-28 23:01:34 --> Array to string conversion
in APPPATH\Controllers\mantenimientoCarro.php on line 19.
 1 APPPATH\Controllers\mantenimientoCarro.php(19): CodeIgniter\Debug\Exceptions->errorHandler(2, 'Array to string conversion', 'APPPATH\\Controllers\\mantenimientoCarro.php', 19)
 2 SYSTEMPATH\CodeIgniter.php(934): App\Controllers\mantenimientoCarro->buscar()
 3 SYSTEMPATH\CodeIgniter.php(499): CodeIgniter\CodeIgniter->runController(Object(App\Controllers\mantenimientoCarro))
 4 SYSTEMPATH\CodeIgniter.php(368): CodeIgniter\CodeIgniter->handleRequest(null, Object(Config\Cache), false)
 5 FCPATH\index.php(67): CodeIgniter\CodeIgniter->run()
CRITICAL - 2023-02-28 23:05:08 --> Array to string conversion
in APPPATH\Controllers\mantenimientoCarro.php on line 20.
 1 APPPATH\Controllers\mantenimientoCarro.php(20): CodeIgniter\Debug\Exceptions->errorHandler(2, 'Array to string conversion', 'APPPATH\\Controllers\\mantenimientoCarro.php', 20)
 2 SYSTEMPATH\CodeIgniter.php(934): App\Controllers\mantenimientoCarro->buscar()
 3 SYSTEMPATH\CodeIgniter.php(499): CodeIgniter\CodeIgniter->runController(Object(App\Controllers\mantenimientoCarro))
 4 SYSTEMPATH\CodeIgniter.php(368): CodeIgniter\CodeIgniter->handleRequest(null, Object(Config\Cache), false)
 5 FCPATH\index.php(67): CodeIgniter\CodeIgniter->run()
CRITICAL - 2023-02-28 23:43:10 --> Array to string conversion
in APPPATH\Controllers\mantenimientoCarro.php on line 26.
 1 APPPATH\Controllers\mantenimientoCarro.php(26): CodeIgniter\Debug\Exceptions->errorHandler(2, 'Array to string conversion', 'APPPATH\\Controllers\\mantenimientoCarro.php', 26)
 2 SYSTEMPATH\CodeIgniter.php(934): App\Controllers\mantenimientoCarro->buscar()
 3 SYSTEMPATH\CodeIgniter.php(499): CodeIgniter\CodeIgniter->runController(Object(App\Controllers\mantenimientoCarro))
 4 SYSTEMPATH\CodeIgniter.php(368): CodeIgniter\CodeIgniter->handleRequest(null, Object(Config\Cache), false)
 5 FCPATH\index.php(67): CodeIgniter\CodeIgniter->run()
CRITICAL - 2023-02-28 23:43:37 --> Array to string conversion
in APPPATH\Controllers\mantenimientoCarro.php on line 26.
 1 APPPATH\Controllers\mantenimientoCarro.php(26): CodeIgniter\Debug\Exceptions->errorHandler(2, 'Array to string conversion', 'APPPATH\\Controllers\\mantenimientoCarro.php', 26)
 2 SYSTEMPATH\CodeIgniter.php(934): App\Controllers\mantenimientoCarro->buscar()
 3 SYSTEMPATH\CodeIgniter.php(499): CodeIgniter\CodeIgniter->runController(Object(App\Controllers\mantenimientoCarro))
 4 SYSTEMPATH\CodeIgniter.php(368): CodeIgniter\CodeIgniter->handleRequest(null, Object(Config\Cache), false)
 5 FCPATH\index.php(67): CodeIgniter\CodeIgniter->run()
CRITICAL - 2023-02-28 23:43:54 --> Array to string conversion
in APPPATH\Controllers\mantenimientoCarro.php on line 26.
 1 APPPATH\Controllers\mantenimientoCarro.php(26): CodeIgniter\Debug\Exceptions->errorHandler(2, 'Array to string conversion', 'APPPATH\\Controllers\\mantenimientoCarro.php', 26)
 2 SYSTEMPATH\CodeIgniter.php(934): App\Controllers\mantenimientoCarro->buscar()
 3 SYSTEMPATH\CodeIgniter.php(499): CodeIgniter\CodeIgniter->runController(Object(App\Controllers\mantenimientoCarro))
 4 SYSTEMPATH\CodeIgniter.php(368): CodeIgniter\CodeIgniter->handleRequest(null, Object(Config\Cache), false)
 5 FCPATH\index.php(67): CodeIgniter\CodeIgniter->run()
CRITICAL - 2023-02-28 23:44:01 --> Array to string conversion
in APPPATH\Controllers\mantenimientoCarro.php on line 26.
 1 APPPATH\Controllers\mantenimientoCarro.php(26): CodeIgniter\Debug\Exceptions->errorHandler(2, 'Array to string conversion', 'APPPATH\\Controllers\\mantenimientoCarro.php', 26)
 2 SYSTEMPATH\CodeIgniter.php(934): App\Controllers\mantenimientoCarro->buscar()
 3 SYSTEMPATH\CodeIgniter.php(499): CodeIgniter\CodeIgniter->runController(Object(App\Controllers\mantenimientoCarro))
 4 SYSTEMPATH\CodeIgniter.php(368): CodeIgniter\CodeIgniter->handleRequest(null, Object(Config\Cache), false)
 5 FCPATH\index.php(67): CodeIgniter\CodeIgniter->run()
