CRITICAL - 2023-03-06 01:03:13 --> Array to string conversion
in APPPATH\Views\mantenimientoCarro\index.php on line 39.
 1 APPPATH\Views\mantenimientoCarro\index.php(39): CodeIgniter\Debug\Exceptions->errorHandler(2, 'Array to string conversion', 'APPPATH\\Views\\mantenimientoCarro\\index.php', 39)
 2 SYSTEMPATH\View\View.php(213): include('APPPATH\\Views\\mantenimientoCarro\\index.php')
 3 SYSTEMPATH\View\View.php(216): CodeIgniter\View\View->CodeIgniter\View\{closure}()
 4 SYSTEMPATH\Common.php(1184): CodeIgniter\View\View->render('mantenimientoCarro/index', [], true)
 5 APPPATH\Controllers\Mantenimientocarro.php(10): view('mantenimientoCarro/index')
 6 SYSTEMPATH\CodeIgniter.php(934): App\Controllers\mantenimientoCarro->index()
 7 SYSTEMPATH\CodeIgniter.php(499): CodeIgniter\CodeIgniter->runController(Object(App\Controllers\mantenimientoCarro))
 8 SYSTEMPATH\CodeIgniter.php(368): CodeIgniter\CodeIgniter->handleRequest(null, Object(Config\Cache), false)
 9 FCPATH\index.php(67): CodeIgniter\CodeIgniter->run()
CRITICAL - 2023-03-06 01:03:36 --> Array to string conversion
in APPPATH\Views\mantenimientoCarro\index.php on line 39.
 1 APPPATH\Views\mantenimientoCarro\index.php(39): CodeIgniter\Debug\Exceptions->errorHandler(2, 'Array to string conversion', 'APPPATH\\Views\\mantenimientoCarro\\index.php', 39)
 2 SYSTEMPATH\View\View.php(213): include('APPPATH\\Views\\mantenimientoCarro\\index.php')
 3 SYSTEMPATH\View\View.php(216): CodeIgniter\View\View->CodeIgniter\View\{closure}()
 4 SYSTEMPATH\Common.php(1184): CodeIgniter\View\View->render('mantenimientoCarro/index', [], true)
 5 APPPATH\Controllers\Mantenimientocarro.php(10): view('mantenimientoCarro/index')
 6 SYSTEMPATH\CodeIgniter.php(934): App\Controllers\mantenimientoCarro->index()
 7 SYSTEMPATH\CodeIgniter.php(499): CodeIgniter\CodeIgniter->runController(Object(App\Controllers\mantenimientoCarro))
 8 SYSTEMPATH\CodeIgniter.php(368): CodeIgniter\CodeIgniter->handleRequest(null, Object(Config\Cache), false)
 9 FCPATH\index.php(67): CodeIgniter\CodeIgniter->run()
CRITICAL - 2023-03-06 01:04:47 --> Array to string conversion
in APPPATH\Views\mantenimientoCarro\index.php on line 39.
 1 APPPATH\Views\mantenimientoCarro\index.php(39): CodeIgniter\Debug\Exceptions->errorHandler(2, 'Array to string conversion', 'APPPATH\\Views\\mantenimientoCarro\\index.php', 39)
 2 SYSTEMPATH\View\View.php(213): include('APPPATH\\Views\\mantenimientoCarro\\index.php')
 3 SYSTEMPATH\View\View.php(216): CodeIgniter\View\View->CodeIgniter\View\{closure}()
 4 SYSTEMPATH\Common.php(1184): CodeIgniter\View\View->render('mantenimientoCarro/index', [], true)
 5 APPPATH\Controllers\Mantenimientocarro.php(10): view('mantenimientoCarro/index')
 6 SYSTEMPATH\CodeIgniter.php(934): App\Controllers\mantenimientoCarro->index()
 7 SYSTEMPATH\CodeIgniter.php(499): CodeIgniter\CodeIgniter->runController(Object(App\Controllers\mantenimientoCarro))
 8 SYSTEMPATH\CodeIgniter.php(368): CodeIgniter\CodeIgniter->handleRequest(null, Object(Config\Cache), false)
 9 FCPATH\index.php(67): CodeIgniter\CodeIgniter->run()
CRITICAL - 2023-03-06 01:04:56 --> Array to string conversion
in APPPATH\Views\mantenimientoCarro\index.php on line 39.
 1 APPPATH\Views\mantenimientoCarro\index.php(39): CodeIgniter\Debug\Exceptions->errorHandler(2, 'Array to string conversion', 'APPPATH\\Views\\mantenimientoCarro\\index.php', 39)
 2 SYSTEMPATH\View\View.php(213): include('APPPATH\\Views\\mantenimientoCarro\\index.php')
 3 SYSTEMPATH\View\View.php(216): CodeIgniter\View\View->CodeIgniter\View\{closure}()
 4 SYSTEMPATH\Common.php(1184): CodeIgniter\View\View->render('mantenimientoCarro/index', [], true)
 5 APPPATH\Controllers\Mantenimientocarro.php(10): view('mantenimientoCarro/index')
 6 SYSTEMPATH\CodeIgniter.php(934): App\Controllers\mantenimientoCarro->index()
 7 SYSTEMPATH\CodeIgniter.php(499): CodeIgniter\CodeIgniter->runController(Object(App\Controllers\mantenimientoCarro))
 8 SYSTEMPATH\CodeIgniter.php(368): CodeIgniter\CodeIgniter->handleRequest(null, Object(Config\Cache), false)
 9 FCPATH\index.php(67): CodeIgniter\CodeIgniter->run()
CRITICAL - 2023-03-06 01:05:25 --> Array to string conversion
in APPPATH\Views\mantenimientoCarro\index.php on line 39.
 1 APPPATH\Views\mantenimientoCarro\index.php(39): CodeIgniter\Debug\Exceptions->errorHandler(2, 'Array to string conversion', 'APPPATH\\Views\\mantenimientoCarro\\index.php', 39)
 2 SYSTEMPATH\View\View.php(213): include('APPPATH\\Views\\mantenimientoCarro\\index.php')
 3 SYSTEMPATH\View\View.php(216): CodeIgniter\View\View->CodeIgniter\View\{closure}()
 4 SYSTEMPATH\Common.php(1184): CodeIgniter\View\View->render('mantenimientoCarro/index', [], true)
 5 APPPATH\Controllers\Mantenimientocarro.php(10): view('mantenimientoCarro/index')
 6 SYSTEMPATH\CodeIgniter.php(934): App\Controllers\mantenimientoCarro->index()
 7 SYSTEMPATH\CodeIgniter.php(499): CodeIgniter\CodeIgniter->runController(Object(App\Controllers\mantenimientoCarro))
 8 SYSTEMPATH\CodeIgniter.php(368): CodeIgniter\CodeIgniter->handleRequest(null, Object(Config\Cache), false)
 9 FCPATH\index.php(67): CodeIgniter\CodeIgniter->run()
CRITICAL - 2023-03-06 01:05:49 --> Array to string conversion
in APPPATH\Views\mantenimientoCarro\index.php on line 39.
 1 APPPATH\Views\mantenimientoCarro\index.php(39): CodeIgniter\Debug\Exceptions->errorHandler(2, 'Array to string conversion', 'APPPATH\\Views\\mantenimientoCarro\\index.php', 39)
 2 SYSTEMPATH\View\View.php(213): include('APPPATH\\Views\\mantenimientoCarro\\index.php')
 3 SYSTEMPATH\View\View.php(216): CodeIgniter\View\View->CodeIgniter\View\{closure}()
 4 SYSTEMPATH\Common.php(1184): CodeIgniter\View\View->render('mantenimientoCarro/index', [], true)
 5 APPPATH\Controllers\Mantenimientocarro.php(10): view('mantenimientoCarro/index')
 6 SYSTEMPATH\CodeIgniter.php(934): App\Controllers\mantenimientoCarro->index()
 7 SYSTEMPATH\CodeIgniter.php(499): CodeIgniter\CodeIgniter->runController(Object(App\Controllers\mantenimientoCarro))
 8 SYSTEMPATH\CodeIgniter.php(368): CodeIgniter\CodeIgniter->handleRequest(null, Object(Config\Cache), false)
 9 FCPATH\index.php(67): CodeIgniter\CodeIgniter->run()
CRITICAL - 2023-03-06 01:07:15 --> Array to string conversion
in APPPATH\Views\mantenimientoCarro\index.php on line 39.
 1 APPPATH\Views\mantenimientoCarro\index.php(39): CodeIgniter\Debug\Exceptions->errorHandler(2, 'Array to string conversion', 'APPPATH\\Views\\mantenimientoCarro\\index.php', 39)
 2 SYSTEMPATH\View\View.php(213): include('APPPATH\\Views\\mantenimientoCarro\\index.php')
 3 SYSTEMPATH\View\View.php(216): CodeIgniter\View\View->CodeIgniter\View\{closure}()
 4 SYSTEMPATH\Common.php(1184): CodeIgniter\View\View->render('mantenimientoCarro/index', [], true)
 5 APPPATH\Controllers\Mantenimientocarro.php(10): view('mantenimientoCarro/index')
 6 SYSTEMPATH\CodeIgniter.php(934): App\Controllers\mantenimientoCarro->index()
 7 SYSTEMPATH\CodeIgniter.php(499): CodeIgniter\CodeIgniter->runController(Object(App\Controllers\mantenimientoCarro))
 8 SYSTEMPATH\CodeIgniter.php(368): CodeIgniter\CodeIgniter->handleRequest(null, Object(Config\Cache), false)
 9 FCPATH\index.php(67): CodeIgniter\CodeIgniter->run()
CRITICAL - 2023-03-06 01:08:19 --> Array to string conversion
in APPPATH\Views\mantenimientoCarro\index.php on line 39.
 1 APPPATH\Views\mantenimientoCarro\index.php(39): CodeIgniter\Debug\Exceptions->errorHandler(2, 'Array to string conversion', 'APPPATH\\Views\\mantenimientoCarro\\index.php', 39)
 2 SYSTEMPATH\View\View.php(213): include('APPPATH\\Views\\mantenimientoCarro\\index.php')
 3 SYSTEMPATH\View\View.php(216): CodeIgniter\View\View->CodeIgniter\View\{closure}()
 4 SYSTEMPATH\Common.php(1184): CodeIgniter\View\View->render('mantenimientoCarro/index', [], true)
 5 APPPATH\Controllers\Mantenimientocarro.php(10): view('mantenimientoCarro/index')
 6 SYSTEMPATH\CodeIgniter.php(934): App\Controllers\mantenimientoCarro->index()
 7 SYSTEMPATH\CodeIgniter.php(499): CodeIgniter\CodeIgniter->runController(Object(App\Controllers\mantenimientoCarro))
 8 SYSTEMPATH\CodeIgniter.php(368): CodeIgniter\CodeIgniter->handleRequest(null, Object(Config\Cache), false)
 9 FCPATH\index.php(67): CodeIgniter\CodeIgniter->run()
CRITICAL - 2023-03-06 01:08:27 --> Array to string conversion
in APPPATH\Views\mantenimientoCarro\index.php on line 39.
 1 APPPATH\Views\mantenimientoCarro\index.php(39): CodeIgniter\Debug\Exceptions->errorHandler(2, 'Array to string conversion', 'APPPATH\\Views\\mantenimientoCarro\\index.php', 39)
 2 SYSTEMPATH\View\View.php(213): include('APPPATH\\Views\\mantenimientoCarro\\index.php')
 3 SYSTEMPATH\View\View.php(216): CodeIgniter\View\View->CodeIgniter\View\{closure}()
 4 SYSTEMPATH\Common.php(1184): CodeIgniter\View\View->render('mantenimientoCarro/index', [], true)
 5 APPPATH\Controllers\Mantenimientocarro.php(10): view('mantenimientoCarro/index')
 6 SYSTEMPATH\CodeIgniter.php(934): App\Controllers\mantenimientoCarro->index()
 7 SYSTEMPATH\CodeIgniter.php(499): CodeIgniter\CodeIgniter->runController(Object(App\Controllers\mantenimientoCarro))
 8 SYSTEMPATH\CodeIgniter.php(368): CodeIgniter\CodeIgniter->handleRequest(null, Object(Config\Cache), false)
 9 FCPATH\index.php(67): CodeIgniter\CodeIgniter->run()
CRITICAL - 2023-03-06 01:09:44 --> Array to string conversion
in APPPATH\Views\mantenimientoCarro\index.php on line 39.
 1 APPPATH\Views\mantenimientoCarro\index.php(39): CodeIgniter\Debug\Exceptions->errorHandler(2, 'Array to string conversion', 'APPPATH\\Views\\mantenimientoCarro\\index.php', 39)
 2 SYSTEMPATH\View\View.php(213): include('APPPATH\\Views\\mantenimientoCarro\\index.php')
 3 SYSTEMPATH\View\View.php(216): CodeIgniter\View\View->CodeIgniter\View\{closure}()
 4 SYSTEMPATH\Common.php(1184): CodeIgniter\View\View->render('mantenimientoCarro/index', [], true)
 5 APPPATH\Controllers\Mantenimientocarro.php(10): view('mantenimientoCarro/index')
 6 SYSTEMPATH\CodeIgniter.php(934): App\Controllers\mantenimientoCarro->index()
 7 SYSTEMPATH\CodeIgniter.php(499): CodeIgniter\CodeIgniter->runController(Object(App\Controllers\mantenimientoCarro))
 8 SYSTEMPATH\CodeIgniter.php(368): CodeIgniter\CodeIgniter->handleRequest(null, Object(Config\Cache), false)
 9 FCPATH\index.php(67): CodeIgniter\CodeIgniter->run()
CRITICAL - 2023-03-06 01:12:58 --> Array to string conversion
in APPPATH\Views\mantenimientoCarro\index.php on line 39.
 1 APPPATH\Views\mantenimientoCarro\index.php(39): CodeIgniter\Debug\Exceptions->errorHandler(2, 'Array to string conversion', 'APPPATH\\Views\\mantenimientoCarro\\index.php', 39)
 2 SYSTEMPATH\View\View.php(213): include('APPPATH\\Views\\mantenimientoCarro\\index.php')
 3 SYSTEMPATH\View\View.php(216): CodeIgniter\View\View->CodeIgniter\View\{closure}()
 4 SYSTEMPATH\Common.php(1184): CodeIgniter\View\View->render('mantenimientoCarro/index', [], true)
 5 APPPATH\Controllers\Mantenimientocarro.php(10): view('mantenimientoCarro/index')
 6 SYSTEMPATH\CodeIgniter.php(934): App\Controllers\mantenimientoCarro->index()
 7 SYSTEMPATH\CodeIgniter.php(499): CodeIgniter\CodeIgniter->runController(Object(App\Controllers\mantenimientoCarro))
 8 SYSTEMPATH\CodeIgniter.php(368): CodeIgniter\CodeIgniter->handleRequest(null, Object(Config\Cache), false)
 9 FCPATH\index.php(67): CodeIgniter\CodeIgniter->run()
CRITICAL - 2023-03-06 01:13:01 --> Array to string conversion
in APPPATH\Views\mantenimientoCarro\index.php on line 39.
 1 APPPATH\Views\mantenimientoCarro\index.php(39): CodeIgniter\Debug\Exceptions->errorHandler(2, 'Array to string conversion', 'APPPATH\\Views\\mantenimientoCarro\\index.php', 39)
 2 SYSTEMPATH\View\View.php(213): include('APPPATH\\Views\\mantenimientoCarro\\index.php')
 3 SYSTEMPATH\View\View.php(216): CodeIgniter\View\View->CodeIgniter\View\{closure}()
 4 SYSTEMPATH\Common.php(1184): CodeIgniter\View\View->render('mantenimientoCarro/index', [], true)
 5 APPPATH\Controllers\Mantenimientocarro.php(10): view('mantenimientoCarro/index')
 6 SYSTEMPATH\CodeIgniter.php(934): App\Controllers\mantenimientoCarro->index()
 7 SYSTEMPATH\CodeIgniter.php(499): CodeIgniter\CodeIgniter->runController(Object(App\Controllers\mantenimientoCarro))
 8 SYSTEMPATH\CodeIgniter.php(368): CodeIgniter\CodeIgniter->handleRequest(null, Object(Config\Cache), false)
 9 FCPATH\index.php(67): CodeIgniter\CodeIgniter->run()
CRITICAL - 2023-03-06 01:16:31 --> Array to string conversion
in APPPATH\Views\mantenimientoCarro\index.php on line 39.
 1 APPPATH\Views\mantenimientoCarro\index.php(39): CodeIgniter\Debug\Exceptions->errorHandler(2, 'Array to string conversion', 'APPPATH\\Views\\mantenimientoCarro\\index.php', 39)
 2 SYSTEMPATH\View\View.php(213): include('APPPATH\\Views\\mantenimientoCarro\\index.php')
 3 SYSTEMPATH\View\View.php(216): CodeIgniter\View\View->CodeIgniter\View\{closure}()
 4 SYSTEMPATH\Common.php(1184): CodeIgniter\View\View->render('mantenimientoCarro/index', [], true)
 5 APPPATH\Controllers\Mantenimientocarro.php(10): view('mantenimientoCarro/index')
 6 SYSTEMPATH\CodeIgniter.php(934): App\Controllers\mantenimientoCarro->index()
 7 SYSTEMPATH\CodeIgniter.php(499): CodeIgniter\CodeIgniter->runController(Object(App\Controllers\mantenimientoCarro))
 8 SYSTEMPATH\CodeIgniter.php(368): CodeIgniter\CodeIgniter->handleRequest(null, Object(Config\Cache), false)
 9 FCPATH\index.php(67): CodeIgniter\CodeIgniter->run()
CRITICAL - 2023-03-06 01:18:01 --> Array to string conversion
in APPPATH\Views\mantenimientoCarro\index.php on line 39.
 1 APPPATH\Views\mantenimientoCarro\index.php(39): CodeIgniter\Debug\Exceptions->errorHandler(2, 'Array to string conversion', 'APPPATH\\Views\\mantenimientoCarro\\index.php', 39)
 2 SYSTEMPATH\View\View.php(213): include('APPPATH\\Views\\mantenimientoCarro\\index.php')
 3 SYSTEMPATH\View\View.php(216): CodeIgniter\View\View->CodeIgniter\View\{closure}()
 4 SYSTEMPATH\Common.php(1184): CodeIgniter\View\View->render('mantenimientoCarro/index', [], true)
 5 APPPATH\Controllers\Mantenimientocarro.php(10): view('mantenimientoCarro/index')
 6 SYSTEMPATH\CodeIgniter.php(934): App\Controllers\mantenimientoCarro->index()
 7 SYSTEMPATH\CodeIgniter.php(499): CodeIgniter\CodeIgniter->runController(Object(App\Controllers\mantenimientoCarro))
 8 SYSTEMPATH\CodeIgniter.php(368): CodeIgniter\CodeIgniter->handleRequest(null, Object(Config\Cache), false)
 9 FCPATH\index.php(67): CodeIgniter\CodeIgniter->run()
