CRITICAL - 2023-04-29 23:15:13 --> Call to undefined function App\Controllers\sqlsrv_connect()
in APPPATH\Controllers\Mantenimientocarro.php on line 41.
 1 SYSTEMPATH\CodeIgniter.php(934): App\Controllers\mantenimientoCarro->buscar()
 2 SYSTEMPATH\CodeIgniter.php(499): CodeIgniter\CodeIgniter->runController(Object(App\Controllers\mantenimientoCarro))
 3 SYSTEMPATH\CodeIgniter.php(368): CodeIgniter\CodeIgniter->handleRequest(null, Object(Config\Cache), false)
 4 FCPATH\index.php(67): CodeIgniter\CodeIgniter->run()
CRITICAL - 2023-04-29 23:15:26 --> Call to undefined function App\Controllers\sqlsrv_connect()
in APPPATH\Controllers\Mantenimientocarro.php on line 41.
 1 SYSTEMPATH\CodeIgniter.php(934): App\Controllers\mantenimientoCarro->buscar()
 2 SYSTEMPATH\CodeIgniter.php(499): CodeIgniter\CodeIgniter->runController(Object(App\Controllers\mantenimientoCarro))
 3 SYSTEMPATH\CodeIgniter.php(368): CodeIgniter\CodeIgniter->handleRequest(null, Object(Config\Cache), false)
 4 FCPATH\index.php(67): CodeIgniter\CodeIgniter->run()
CRITICAL - 2023-04-29 23:21:35 --> Call to undefined function App\Controllers\sqlsrv_connect()
in APPPATH\Controllers\Mantenimientocarro.php on line 41.
 1 SYSTEMPATH\CodeIgniter.php(934): App\Controllers\mantenimientoCarro->buscar()
 2 SYSTEMPATH\CodeIgniter.php(499): CodeIgniter\CodeIgniter->runController(Object(App\Controllers\mantenimientoCarro))
 3 SYSTEMPATH\CodeIgniter.php(368): CodeIgniter\CodeIgniter->handleRequest(null, Object(Config\Cache), false)
 4 FCPATH\index.php(67): CodeIgniter\CodeIgniter->run()
CRITICAL - 2023-04-29 23:26:49 --> Call to undefined function App\Controllers\sqlsrv_connect()
in APPPATH\Controllers\Mantenimientocarro.php on line 41.
 1 SYSTEMPATH\CodeIgniter.php(934): App\Controllers\mantenimientoCarro->buscar()
 2 SYSTEMPATH\CodeIgniter.php(499): CodeIgniter\CodeIgniter->runController(Object(App\Controllers\mantenimientoCarro))
 3 SYSTEMPATH\CodeIgniter.php(368): CodeIgniter\CodeIgniter->handleRequest(null, Object(Config\Cache), false)
 4 FCPATH\index.php(67): CodeIgniter\CodeIgniter->run()
CRITICAL - 2023-04-29 23:27:22 --> Call to undefined function App\Controllers\sqlsrv_connect()
in APPPATH\Controllers\Mantenimientocarro.php on line 41.
 1 SYSTEMPATH\CodeIgniter.php(934): App\Controllers\mantenimientoCarro->buscar()
 2 SYSTEMPATH\CodeIgniter.php(499): CodeIgniter\CodeIgniter->runController(Object(App\Controllers\mantenimientoCarro))
 3 SYSTEMPATH\CodeIgniter.php(368): CodeIgniter\CodeIgniter->handleRequest(null, Object(Config\Cache), false)
 4 FCPATH\index.php(67): CodeIgniter\CodeIgniter->run()
CRITICAL - 2023-04-29 23:36:32 --> Call to undefined function App\Controllers\sqlsrv_connect()
in APPPATH\Controllers\Mantenimientocarro.php on line 41.
 1 SYSTEMPATH\CodeIgniter.php(934): App\Controllers\mantenimientoCarro->buscar()
 2 SYSTEMPATH\CodeIgniter.php(499): CodeIgniter\CodeIgniter->runController(Object(App\Controllers\mantenimientoCarro))
 3 SYSTEMPATH\CodeIgniter.php(368): CodeIgniter\CodeIgniter->handleRequest(null, Object(Config\Cache), false)
 4 FCPATH\index.php(67): CodeIgniter\CodeIgniter->run()
